2026-03-31 15:26:30,843 WARN streaming.StreamJob: -file option is deprecated, please use generic option -files instead.
packageJobJar: [rfm_mapper.py, rfm_reducer.py] [] /tmp/streamjob4554480114445865778.jar tmpDir=null
2026-03-31 15:26:32,719 WARN impl.MetricsSystemImpl: JobTracker metrics system already initialized!
2026-03-31 15:26:33,205 INFO mapred.FileInputFormat: Total input files to process : 1
2026-03-31 15:26:33,374 INFO mapreduce.JobSubmitter: number of splits:2
2026-03-31 15:26:33,794 INFO mapreduce.JobSubmitter: Submitting tokens for job: job_local1600431828_0001
2026-03-31 15:26:33,796 INFO mapreduce.JobSubmitter: Executing with tokens: []
2026-03-31 15:26:34,218 INFO mapred.LocalDistributedCacheManager: Localized file:/mapreduce-test/map-reduce-assignment2/part2.2/rfm_mapper.py as file:/tmp/hadoop-root/mapred/local/job_local1600431828_0001_a2f4c48c-1f7b-44c5-8bde-46d8bbcc5e6e/rfm_mapper.py
2026-03-31 15:26:34,275 INFO mapred.LocalDistributedCacheManager: Localized file:/mapreduce-test/map-reduce-assignment2/part2.2/rfm_reducer.py as file:/tmp/hadoop-root/mapred/local/job_local1600431828_0001_a98f82bb-14d8-4f1c-9ce2-af3b0bcccc57/rfm_reducer.py
2026-03-31 15:26:34,466 INFO mapreduce.Job: The url to track the job: http://localhost:8080/
2026-03-31 15:26:34,471 INFO mapred.LocalJobRunner: OutputCommitter set in config null
2026-03-31 15:26:34,475 INFO mapreduce.Job: Running job: job_local1600431828_0001
2026-03-31 15:26:34,477 INFO mapred.LocalJobRunner: OutputCommitter is org.apache.hadoop.mapred.FileOutputCommitter
2026-03-31 15:26:34,489 INFO output.FileOutputCommitter: File Output Committer Algorithm version is 2
2026-03-31 15:26:34,491 INFO output.FileOutputCommitter: FileOutputCommitter skip cleanup _temporary folders under output directory:false, ignore cleanup failures: false
2026-03-31 15:26:34,609 INFO mapred.LocalJobRunner: Waiting for map tasks
2026-03-31 15:26:34,613 INFO mapred.LocalJobRunner: Starting task: attempt_local1600431828_0001_m_000000_0
2026-03-31 15:26:34,648 INFO output.FileOutputCommitter: File Output Committer Algorithm version is 2
2026-03-31 15:26:34,649 INFO output.FileOutputCommitter: FileOutputCommitter skip cleanup _temporary folders under output directory:false, ignore cleanup failures: false
2026-03-31 15:26:34,677 INFO mapred.Task:  Using ResourceCalculatorProcessTree : [ ]
2026-03-31 15:26:34,688 INFO mapred.MapTask: Processing split: hdfs://10.128.0.2:9000/ecommerce/raw/clickstream_large.csv:0+134217728
2026-03-31 15:26:34,716 INFO mapred.MapTask: numReduceTasks: 1
2026-03-31 15:26:34,886 INFO mapred.MapTask: (EQUATOR) 0 kvi 26214396(104857584)
2026-03-31 15:26:34,886 INFO mapred.MapTask: mapreduce.task.io.sort.mb: 100
2026-03-31 15:26:34,886 INFO mapred.MapTask: soft limit at 83886080
2026-03-31 15:26:34,886 INFO mapred.MapTask: bufstart = 0; bufvoid = 104857600
2026-03-31 15:26:34,886 INFO mapred.MapTask: kvstart = 26214396; length = 6553600
2026-03-31 15:26:34,891 INFO mapred.MapTask: Map output collector class = org.apache.hadoop.mapred.MapTask$MapOutputBuffer
2026-03-31 15:26:34,903 INFO streaming.PipeMapRed: PipeMapRed exec [/mapreduce-test/map-reduce-assignment2/part2.2/./rfm_mapper.py]
2026-03-31 15:26:34,911 INFO Configuration.deprecation: mapred.work.output.dir is deprecated. Instead, use mapreduce.task.output.dir
2026-03-31 15:26:34,913 INFO Configuration.deprecation: mapred.local.dir is deprecated. Instead, use mapreduce.cluster.local.dir
2026-03-31 15:26:34,914 INFO Configuration.deprecation: map.input.file is deprecated. Instead, use mapreduce.map.input.file
2026-03-31 15:26:34,914 INFO Configuration.deprecation: map.input.length is deprecated. Instead, use mapreduce.map.input.length
2026-03-31 15:26:34,915 INFO Configuration.deprecation: mapred.job.id is deprecated. Instead, use mapreduce.job.id
2026-03-31 15:26:34,916 INFO Configuration.deprecation: mapred.task.partition is deprecated. Instead, use mapreduce.task.partition
2026-03-31 15:26:34,918 INFO Configuration.deprecation: map.input.start is deprecated. Instead, use mapreduce.map.input.start
2026-03-31 15:26:34,919 INFO Configuration.deprecation: mapred.task.is.map is deprecated. Instead, use mapreduce.task.ismap
2026-03-31 15:26:34,919 INFO Configuration.deprecation: mapred.task.id is deprecated. Instead, use mapreduce.task.attempt.id
2026-03-31 15:26:34,920 INFO Configuration.deprecation: mapred.tip.id is deprecated. Instead, use mapreduce.task.id
2026-03-31 15:26:34,921 INFO Configuration.deprecation: mapred.skip.on is deprecated. Instead, use mapreduce.job.skiprecords
2026-03-31 15:26:34,922 INFO Configuration.deprecation: user.name is deprecated. Instead, use mapreduce.job.user.name
2026-03-31 15:26:35,209 INFO streaming.PipeMapRed: R/W/S=1/0/0 in:NA [rec/s] out:NA [rec/s]
2026-03-31 15:26:35,210 INFO streaming.PipeMapRed: R/W/S=10/0/0 in:NA [rec/s] out:NA [rec/s]
2026-03-31 15:26:35,212 INFO streaming.PipeMapRed: R/W/S=100/0/0 in:NA [rec/s] out:NA [rec/s]
2026-03-31 15:26:35,224 INFO streaming.PipeMapRed: R/W/S=1000/0/0 in:NA [rec/s] out:NA [rec/s]
2026-03-31 15:26:35,231 INFO streaming.PipeMapRed: Records R/W=1112/1
2026-03-31 15:26:35,414 INFO streaming.PipeMapRed: R/W/S=10000/9187/0 in:NA [rec/s] out:NA [rec/s]
2026-03-31 15:26:35,491 INFO mapreduce.Job: Job job_local1600431828_0001 running in uber mode : false
2026-03-31 15:26:35,498 INFO mapreduce.Job:  map 0% reduce 0%
2026-03-31 15:26:36,164 INFO streaming.PipeMapRed: R/W/S=100000/98308/0 in:100000=100000/1 [rec/s] out:98308=98308/1 [rec/s]
2026-03-31 15:26:36,703 INFO streaming.PipeMapRed: R/W/S=200000/199152/0 in:200000=200000/1 [rec/s] out:199152=199152/1 [rec/s]
2026-03-31 15:26:37,210 INFO streaming.PipeMapRed: R/W/S=300000/298503/0 in:150000=300000/2 [rec/s] out:149251=298503/2 [rec/s]
2026-03-31 15:26:37,751 INFO streaming.PipeMapRed: R/W/S=400000/399062/0 in:200000=400000/2 [rec/s] out:199531=399062/2 [rec/s]
2026-03-31 15:26:38,258 INFO streaming.PipeMapRed: R/W/S=500000/498891/0 in:166666=500000/3 [rec/s] out:166297=498891/3 [rec/s]
2026-03-31 15:26:38,809 INFO streaming.PipeMapRed: R/W/S=600000/599111/0 in:200000=600000/3 [rec/s] out:199703=599111/3 [rec/s]
2026-03-31 15:26:39,321 INFO streaming.PipeMapRed: R/W/S=700000/698692/0 in:175000=700000/4 [rec/s] out:174673=698692/4 [rec/s]
2026-03-31 15:26:39,916 INFO streaming.PipeMapRed: R/W/S=800000/798713/0 in:200000=800000/4 [rec/s] out:199678=798713/4 [rec/s]
2026-03-31 15:26:40,421 INFO streaming.PipeMapRed: R/W/S=900000/899150/0 in:180000=900000/5 [rec/s] out:179830=899150/5 [rec/s]
2026-03-31 15:26:40,920 INFO streaming.PipeMapRed: R/W/S=1000000/998714/0 in:200000=1000000/5 [rec/s] out:199742=998714/5 [rec/s]
2026-03-31 15:26:41,489 INFO streaming.PipeMapRed: R/W/S=1100000/1098869/0 in:183333=1100000/6 [rec/s] out:183144=1098869/6 [rec/s]
2026-03-31 15:26:41,623 INFO streaming.PipeMapRed: MRErrorThread done
2026-03-31 15:26:41,624 INFO streaming.PipeMapRed: mapRedFinished
2026-03-31 15:26:41,627 INFO mapred.LocalJobRunner: 
2026-03-31 15:26:41,627 INFO mapred.MapTask: Starting flush of map output
2026-03-31 15:26:41,627 INFO mapred.MapTask: Spilling map output
2026-03-31 15:26:41,627 INFO mapred.MapTask: bufstart = 0; bufend = 62225906; bufvoid = 104857600
2026-03-31 15:26:41,627 INFO mapred.MapTask: kvstart = 26214396(104857584); kvend = 21728040(86912160); length = 4486357/6553600
2026-03-31 15:26:44,721 INFO mapred.MapTask: Finished spill 0
2026-03-31 15:26:44,735 INFO mapred.Task: Task:attempt_local1600431828_0001_m_000000_0 is done. And is in the process of committing
2026-03-31 15:26:44,746 INFO mapred.LocalJobRunner: Records R/W=1112/1
2026-03-31 15:26:44,747 INFO mapred.Task: Task 'attempt_local1600431828_0001_m_000000_0' done.
2026-03-31 15:26:44,758 INFO mapred.Task: Final Counters for attempt_local1600431828_0001_m_000000_0: Counters: 23
	File System Counters
		FILE: Number of bytes read=6869
		FILE: Number of bytes written=65197660
		FILE: Number of read operations=0
		FILE: Number of large read operations=0
		FILE: Number of write operations=0
		HDFS: Number of bytes read=134221824
		HDFS: Number of bytes written=0
		HDFS: Number of read operations=5
		HDFS: Number of large read operations=0
		HDFS: Number of write operations=1
		HDFS: Number of bytes read erasure-coded=0
	Map-Reduce Framework
		Map input records=1121591
		Map output records=1121590
		Map output bytes=62225906
		Map output materialized bytes=64469092
		Input split bytes=110
		Combine input records=0
		Spilled Records=1121590
		Failed Shuffles=0
		Merged Map outputs=0
		GC time elapsed (ms)=0
		Total committed heap usage (bytes)=179306496
	File Input Format Counters 
		Bytes Read=134221824
2026-03-31 15:26:44,758 INFO mapred.LocalJobRunner: Finishing task: attempt_local1600431828_0001_m_000000_0
2026-03-31 15:26:44,759 INFO mapred.LocalJobRunner: Starting task: attempt_local1600431828_0001_m_000001_0
2026-03-31 15:26:44,762 INFO output.FileOutputCommitter: File Output Committer Algorithm version is 2
2026-03-31 15:26:44,762 INFO output.FileOutputCommitter: FileOutputCommitter skip cleanup _temporary folders under output directory:false, ignore cleanup failures: false
2026-03-31 15:26:44,765 INFO mapred.Task:  Using ResourceCalculatorProcessTree : [ ]
2026-03-31 15:26:44,770 INFO mapred.MapTask: Processing split: hdfs://10.128.0.2:9000/ecommerce/raw/clickstream_large.csv:134217728+106791744
2026-03-31 15:26:44,791 INFO mapred.MapTask: numReduceTasks: 1
2026-03-31 15:26:45,016 INFO mapred.MapTask: (EQUATOR) 0 kvi 26214396(104857584)
2026-03-31 15:26:45,017 INFO mapred.MapTask: mapreduce.task.io.sort.mb: 100
2026-03-31 15:26:45,017 INFO mapred.MapTask: soft limit at 83886080
2026-03-31 15:26:45,017 INFO mapred.MapTask: bufstart = 0; bufvoid = 104857600
2026-03-31 15:26:45,017 INFO mapred.MapTask: kvstart = 26214396; length = 6553600
2026-03-31 15:26:45,018 INFO mapred.MapTask: Map output collector class = org.apache.hadoop.mapred.MapTask$MapOutputBuffer
2026-03-31 15:26:45,023 INFO streaming.PipeMapRed: PipeMapRed exec [/mapreduce-test/map-reduce-assignment2/part2.2/./rfm_mapper.py]
2026-03-31 15:26:45,067 INFO streaming.PipeMapRed: R/W/S=1/0/0 in:NA [rec/s] out:NA [rec/s]
2026-03-31 15:26:45,067 INFO streaming.PipeMapRed: R/W/S=10/0/0 in:NA [rec/s] out:NA [rec/s]
2026-03-31 15:26:45,068 INFO streaming.PipeMapRed: R/W/S=100/0/0 in:NA [rec/s] out:NA [rec/s]
2026-03-31 15:26:45,082 INFO streaming.PipeMapRed: R/W/S=1000/0/0 in:NA [rec/s] out:NA [rec/s]
2026-03-31 15:26:45,177 INFO streaming.PipeMapRed: R/W/S=10000/0/0 in:NA [rec/s] out:NA [rec/s]
2026-03-31 15:26:45,521 INFO mapreduce.Job:  map 100% reduce 0%
2026-03-31 15:26:45,651 INFO streaming.PipeMapRed: R/W/S=100000/0/0 in:NA [rec/s] out:NA [rec/s]
2026-03-31 15:26:46,154 INFO streaming.PipeMapRed: R/W/S=200000/0/0 in:200000=200000/1 [rec/s] out:0=0/1 [rec/s]
2026-03-31 15:26:46,759 INFO streaming.PipeMapRed: R/W/S=300000/0/0 in:300000=300000/1 [rec/s] out:0=0/1 [rec/s]
2026-03-31 15:26:47,230 INFO streaming.PipeMapRed: R/W/S=400000/0/0 in:200000=400000/2 [rec/s] out:0=0/2 [rec/s]
2026-03-31 15:26:47,796 INFO streaming.PipeMapRed: R/W/S=500000/0/0 in:250000=500000/2 [rec/s] out:0=0/2 [rec/s]
2026-03-31 15:26:48,515 INFO streaming.PipeMapRed: R/W/S=600000/0/0 in:200000=600000/3 [rec/s] out:0=0/3 [rec/s]
2026-03-31 15:26:48,990 INFO streaming.PipeMapRed: R/W/S=700000/0/0 in:233333=700000/3 [rec/s] out:0=0/3 [rec/s]
2026-03-31 15:26:49,499 INFO streaming.PipeMapRed: R/W/S=800000/0/0 in:200000=800000/4 [rec/s] out:0=0/4 [rec/s]
2026-03-31 15:26:50,457 INFO streaming.PipeMapRed: Records R/W=891760/1
2026-03-31 15:26:52,511 INFO streaming.PipeMapRed: MRErrorThread done
2026-03-31 15:26:52,512 INFO streaming.PipeMapRed: mapRedFinished
2026-03-31 15:26:52,513 INFO mapred.LocalJobRunner: 
2026-03-31 15:26:52,513 INFO mapred.MapTask: Starting flush of map output
2026-03-31 15:26:52,513 INFO mapred.MapTask: Spilling map output
2026-03-31 15:26:52,513 INFO mapred.MapTask: bufstart = 0; bufend = 49491616; bufvoid = 104857600
2026-03-31 15:26:52,513 INFO mapred.MapTask: kvstart = 26214396(104857584); kvend = 22647360(90589440); length = 3567037/6553600
2026-03-31 15:26:52,533 INFO mapreduce.Job:  map 50% reduce 0%
2026-03-31 15:26:54,845 INFO mapred.MapTask: Finished spill 0
2026-03-31 15:26:54,849 INFO mapred.Task: Task:attempt_local1600431828_0001_m_000001_0 is done. And is in the process of committing
2026-03-31 15:26:54,862 INFO mapred.LocalJobRunner: Records R/W=891760/1
2026-03-31 15:26:54,863 INFO mapred.Task: Task 'attempt_local1600431828_0001_m_000001_0' done.
2026-03-31 15:26:54,866 INFO mapred.Task: Final Counters for attempt_local1600431828_0001_m_000001_0: Counters: 23
	File System Counters
		FILE: Number of bytes read=7108
		FILE: Number of bytes written=116472834
		FILE: Number of read operations=0
		FILE: Number of large read operations=0
		FILE: Number of write operations=0
		HDFS: Number of bytes read=241013568
		HDFS: Number of bytes written=0
		HDFS: Number of read operations=7
		HDFS: Number of large read operations=0
		HDFS: Number of write operations=1
		HDFS: Number of bytes read erasure-coded=0
	Map-Reduce Framework
		Map input records=891760
		Map output records=891760
		Map output bytes=49491616
		Map output materialized bytes=51275142
		Input split bytes=110
		Combine input records=0
		Spilled Records=891760
		Failed Shuffles=0
		Merged Map outputs=0
		GC time elapsed (ms)=17
		Total committed heap usage (bytes)=285212672
	File Input Format Counters 
		Bytes Read=106791744
2026-03-31 15:26:54,866 INFO mapred.LocalJobRunner: Finishing task: attempt_local1600431828_0001_m_000001_0
2026-03-31 15:26:54,866 INFO mapred.LocalJobRunner: map task executor complete.
2026-03-31 15:26:54,874 INFO mapred.LocalJobRunner: Waiting for reduce tasks
2026-03-31 15:26:54,875 INFO mapred.LocalJobRunner: Starting task: attempt_local1600431828_0001_r_000000_0
2026-03-31 15:26:54,886 INFO output.FileOutputCommitter: File Output Committer Algorithm version is 2
2026-03-31 15:26:54,886 INFO output.FileOutputCommitter: FileOutputCommitter skip cleanup _temporary folders under output directory:false, ignore cleanup failures: false
2026-03-31 15:26:54,887 INFO mapred.Task:  Using ResourceCalculatorProcessTree : [ ]
2026-03-31 15:26:54,890 INFO mapred.ReduceTask: Using ShuffleConsumerPlugin: org.apache.hadoop.mapreduce.task.reduce.Shuffle@71154044
2026-03-31 15:26:54,892 WARN impl.MetricsSystemImpl: JobTracker metrics system already initialized!
2026-03-31 15:26:54,925 INFO reduce.MergeManagerImpl: MergerManager: memoryLimit=1456262272, maxSingleShuffleLimit=364065568, mergeThreshold=961133120, ioSortFactor=10, memToMemMergeOutputsThreshold=10
2026-03-31 15:26:54,928 INFO reduce.EventFetcher: attempt_local1600431828_0001_r_000000_0 Thread started: EventFetcher for fetching Map Completion Events
2026-03-31 15:26:54,991 INFO reduce.LocalFetcher: localfetcher#1 about to shuffle output of map attempt_local1600431828_0001_m_000001_0 decomp: 51275138 len: 51275142 to MEMORY
2026-03-31 15:26:55,064 INFO reduce.InMemoryMapOutput: Read 51275138 bytes from map-output for attempt_local1600431828_0001_m_000001_0
2026-03-31 15:26:55,068 INFO reduce.MergeManagerImpl: closeInMemoryFile -> map-output of size: 51275138, inMemoryMapOutputs.size() -> 1, commitMemory -> 0, usedMemory ->51275138
2026-03-31 15:26:55,093 INFO reduce.LocalFetcher: localfetcher#1 about to shuffle output of map attempt_local1600431828_0001_m_000000_0 decomp: 64469088 len: 64469092 to MEMORY
2026-03-31 15:26:55,171 INFO reduce.InMemoryMapOutput: Read 64469088 bytes from map-output for attempt_local1600431828_0001_m_000000_0
2026-03-31 15:26:55,172 INFO reduce.MergeManagerImpl: closeInMemoryFile -> map-output of size: 64469088, inMemoryMapOutputs.size() -> 2, commitMemory -> 51275138, usedMemory ->115744226
2026-03-31 15:26:55,175 INFO reduce.EventFetcher: EventFetcher is interrupted.. Returning
2026-03-31 15:26:55,177 INFO mapred.LocalJobRunner: 2 / 2 copied.
2026-03-31 15:26:55,178 INFO reduce.MergeManagerImpl: finalMerge called with 2 in-memory map-outputs and 0 on-disk map-outputs
2026-03-31 15:26:55,185 INFO mapred.Merger: Merging 2 sorted segments
2026-03-31 15:26:55,186 INFO mapred.Merger: Down to the last merge-pass, with 2 segments left of total size: 115744202 bytes
2026-03-31 15:26:55,538 INFO mapreduce.Job:  map 100% reduce 0%
2026-03-31 15:26:56,664 INFO reduce.MergeManagerImpl: Merged 2 segments, 115744226 bytes to disk to satisfy reduce memory limit
2026-03-31 15:26:56,666 INFO reduce.MergeManagerImpl: Merging 1 files, 115744228 bytes from disk
2026-03-31 15:26:56,667 INFO reduce.MergeManagerImpl: Merging 0 segments, 0 bytes from memory into reduce
2026-03-31 15:26:56,667 INFO mapred.Merger: Merging 1 sorted segments
2026-03-31 15:26:56,670 INFO mapred.Merger: Down to the last merge-pass, with 1 segments left of total size: 115744212 bytes
2026-03-31 15:26:56,671 INFO mapred.LocalJobRunner: 2 / 2 copied.
2026-03-31 15:26:56,685 INFO streaming.PipeMapRed: PipeMapRed exec [/mapreduce-test/map-reduce-assignment2/part2.2/./rfm_reducer.py]
2026-03-31 15:26:56,692 INFO Configuration.deprecation: mapred.job.tracker is deprecated. Instead, use mapreduce.jobtracker.address
2026-03-31 15:26:56,695 INFO Configuration.deprecation: mapred.map.tasks is deprecated. Instead, use mapreduce.job.maps
2026-03-31 15:26:56,811 INFO streaming.PipeMapRed: R/W/S=1/0/0 in:NA [rec/s] out:NA [rec/s]
2026-03-31 15:26:56,811 INFO streaming.PipeMapRed: R/W/S=10/0/0 in:NA [rec/s] out:NA [rec/s]
2026-03-31 15:26:56,813 INFO streaming.PipeMapRed: R/W/S=100/0/0 in:NA [rec/s] out:NA [rec/s]
2026-03-31 15:26:56,829 INFO streaming.PipeMapRed: R/W/S=1000/0/0 in:NA [rec/s] out:NA [rec/s]
2026-03-31 15:26:57,003 INFO streaming.PipeMapRed: R/W/S=10000/0/0 in:NA [rec/s] out:NA [rec/s]
2026-03-31 15:26:57,305 INFO streaming.PipeMapRed: Records R/W=28348/1
2026-03-31 15:26:58,147 INFO streaming.PipeMapRed: R/W/S=100000/887/0 in:100000=100000/1 [rec/s] out:887=887/1 [rec/s]
2026-03-31 15:26:59,203 INFO streaming.PipeMapRed: R/W/S=200000/1775/0 in:100000=200000/2 [rec/s] out:887=1775/2 [rec/s]
2026-03-31 15:27:00,366 INFO streaming.PipeMapRed: R/W/S=300000/2885/0 in:100000=300000/3 [rec/s] out:961=2885/3 [rec/s]
2026-03-31 15:27:01,390 INFO streaming.PipeMapRed: R/W/S=400000/3773/0 in:100000=400000/4 [rec/s] out:943=3773/4 [rec/s]
2026-03-31 15:27:02,327 INFO streaming.PipeMapRed: R/W/S=500000/4883/0 in:100000=500000/5 [rec/s] out:976=4883/5 [rec/s]
2026-03-31 15:27:03,282 INFO streaming.PipeMapRed: R/W/S=600000/5771/0 in:100000=600000/6 [rec/s] out:961=5771/6 [rec/s]
2026-03-31 15:27:04,231 INFO streaming.PipeMapRed: R/W/S=700000/6659/0 in:100000=700000/7 [rec/s] out:951=6659/7 [rec/s]
2026-03-31 15:27:05,194 INFO streaming.PipeMapRed: R/W/S=800000/7547/0 in:100000=800000/8 [rec/s] out:943=7547/8 [rec/s]
2026-03-31 15:27:06,154 INFO streaming.PipeMapRed: R/W/S=900000/8657/0 in:100000=900000/9 [rec/s] out:961=8657/9 [rec/s]
2026-03-31 15:27:06,889 INFO mapred.LocalJobRunner: Records R/W=28348/1 > reduce
2026-03-31 15:27:07,109 INFO streaming.PipeMapRed: R/W/S=1000000/9545/0 in:100000=1000000/10 [rec/s] out:954=9545/10 [rec/s]
2026-03-31 15:27:07,404 INFO streaming.PipeMapRed: Records R/W=1034506/9768
2026-03-31 15:27:07,547 INFO mapreduce.Job:  map 100% reduce 83%
2026-03-31 15:27:08,006 INFO streaming.PipeMapRed: R/W/S=1100000/10433/0 in:100000=1100000/11 [rec/s] out:948=10433/11 [rec/s]
2026-03-31 15:27:08,953 INFO streaming.PipeMapRed: R/W/S=1200000/11543/0 in:100000=1200000/12 [rec/s] out:961=11543/12 [rec/s]
2026-03-31 15:27:09,891 INFO streaming.PipeMapRed: R/W/S=1300000/12431/0 in:100000=1300000/13 [rec/s] out:956=12431/13 [rec/s]
2026-03-31 15:27:10,809 INFO streaming.PipeMapRed: R/W/S=1400000/13319/0 in:100000=1400000/14 [rec/s] out:951=13319/14 [rec/s]
2026-03-31 15:27:11,766 INFO streaming.PipeMapRed: R/W/S=1500000/14429/0 in:100000=1500000/15 [rec/s] out:961=14429/15 [rec/s]
2026-03-31 15:27:12,668 INFO streaming.PipeMapRed: R/W/S=1600000/15317/0 in:106666=1600000/15 [rec/s] out:1021=15317/15 [rec/s]
2026-03-31 15:27:12,891 INFO mapred.LocalJobRunner: Records R/W=1034506/9768 > reduce
2026-03-31 15:27:13,552 INFO mapreduce.Job:  map 100% reduce 94%
2026-03-31 15:27:13,583 INFO streaming.PipeMapRed: R/W/S=1700000/16205/0 in:106250=1700000/16 [rec/s] out:1012=16205/16 [rec/s]
2026-03-31 15:27:14,502 INFO streaming.PipeMapRed: R/W/S=1800000/17315/0 in:105882=1800000/17 [rec/s] out:1018=17315/17 [rec/s]
2026-03-31 15:27:15,424 INFO streaming.PipeMapRed: R/W/S=1900000/18203/0 in:105555=1900000/18 [rec/s] out:1011=18203/18 [rec/s]
2026-03-31 15:27:16,356 INFO streaming.PipeMapRed: R/W/S=2000000/19091/0 in:105263=2000000/19 [rec/s] out:1004=19091/19 [rec/s]
2026-03-31 15:27:16,532 INFO streaming.PipeMapRed: MRErrorThread done
2026-03-31 15:27:16,532 INFO streaming.PipeMapRed: mapRedFinished
2026-03-31 15:27:16,566 INFO mapred.Task: Task:attempt_local1600431828_0001_r_000000_0 is done. And is in the process of committing
2026-03-31 15:27:16,571 INFO mapred.LocalJobRunner: Records R/W=1034506/9768 > reduce
2026-03-31 15:27:16,571 INFO mapred.Task: Task attempt_local1600431828_0001_r_000000_0 is allowed to commit now
2026-03-31 15:27:16,624 INFO output.FileOutputCommitter: Saved output of task 'attempt_local1600431828_0001_r_000000_0' to hdfs://10.128.0.2:9000/ecommerce/rfm
2026-03-31 15:27:16,625 INFO mapred.LocalJobRunner: Records R/W=1034506/9768 > reduce
2026-03-31 15:27:16,626 INFO mapred.Task: Task 'attempt_local1600431828_0001_r_000000_0' done.
2026-03-31 15:27:16,627 INFO mapred.Task: Final Counters for attempt_local1600431828_0001_r_000000_0: Counters: 30
	File System Counters
		FILE: Number of bytes read=231495634
		FILE: Number of bytes written=232217062
		FILE: Number of read operations=0
		FILE: Number of large read operations=0
		FILE: Number of write operations=0
		HDFS: Number of bytes read=241013568
		HDFS: Number of bytes written=719963
		HDFS: Number of read operations=12
		HDFS: Number of large read operations=0
		HDFS: Number of write operations=3
		HDFS: Number of bytes read erasure-coded=0
	Map-Reduce Framework
		Combine input records=0
		Combine output records=0
		Reduce input groups=19448
		Reduce shuffle bytes=115744234
		Reduce input records=2013350
		Reduce output records=19448
		Spilled Records=2013350
		Shuffled Maps =2
		Failed Shuffles=0
		Merged Map outputs=2
		GC time elapsed (ms)=25
		Total committed heap usage (bytes)=287309824
	Shuffle Errors
		BAD_ID=0
		CONNECTION=0
		IO_ERROR=0
		WRONG_LENGTH=0
		WRONG_MAP=0
		WRONG_REDUCE=0
	File Output Format Counters 
		Bytes Written=719963
2026-03-31 15:27:16,627 INFO mapred.LocalJobRunner: Finishing task: attempt_local1600431828_0001_r_000000_0
2026-03-31 15:27:16,627 INFO mapred.LocalJobRunner: reduce task executor complete.
2026-03-31 15:27:17,559 INFO mapreduce.Job:  map 100% reduce 100%
2026-03-31 15:27:17,561 INFO mapreduce.Job: Job job_local1600431828_0001 completed successfully
2026-03-31 15:27:17,573 INFO mapreduce.Job: Counters: 36
	File System Counters
		FILE: Number of bytes read=231509611
		FILE: Number of bytes written=413887556
		FILE: Number of read operations=0
		FILE: Number of large read operations=0
		FILE: Number of write operations=0
		HDFS: Number of bytes read=616248960
		HDFS: Number of bytes written=719963
		HDFS: Number of read operations=24
		HDFS: Number of large read operations=0
		HDFS: Number of write operations=5
		HDFS: Number of bytes read erasure-coded=0
	Map-Reduce Framework
		Map input records=2013351
		Map output records=2013350
		Map output bytes=111717522
		Map output materialized bytes=115744234
		Input split bytes=220
		Combine input records=0
		Combine output records=0
		Reduce input groups=19448
		Reduce shuffle bytes=115744234
		Reduce input records=2013350
		Reduce output records=19448
		Spilled Records=4026700
		Shuffled Maps =2
		Failed Shuffles=0
		Merged Map outputs=2
		GC time elapsed (ms)=42
		Total committed heap usage (bytes)=751828992
	Shuffle Errors
		BAD_ID=0
		CONNECTION=0
		IO_ERROR=0
		WRONG_LENGTH=0
		WRONG_MAP=0
		WRONG_REDUCE=0
	File Input Format Counters 
		Bytes Read=241013568
	File Output Format Counters 
		Bytes Written=719963
2026-03-31 15:27:17,573 INFO streaming.StreamJob: Output directory: /ecommerce/rfm
Deleted /ecommerce/rfm
2026-03-31 15:42:01,485 WARN streaming.StreamJob: -file option is deprecated, please use generic option -files instead.
packageJobJar: [rfm_mapper.py, rfm_reducer.py] [] /tmp/streamjob11330799096825734774.jar tmpDir=null
2026-03-31 15:42:03,239 WARN impl.MetricsSystemImpl: JobTracker metrics system already initialized!
2026-03-31 15:42:03,646 INFO mapred.FileInputFormat: Total input files to process : 1
2026-03-31 15:42:03,772 INFO mapreduce.JobSubmitter: number of splits:2
2026-03-31 15:42:04,148 INFO mapreduce.JobSubmitter: Submitting tokens for job: job_local395039303_0001
2026-03-31 15:42:04,150 INFO mapreduce.JobSubmitter: Executing with tokens: []
2026-03-31 15:42:04,514 INFO mapred.LocalDistributedCacheManager: Localized file:/mapreduce-test/map-reduce-assignment2/part2.2/rfm_mapper.py as file:/tmp/hadoop-root/mapred/local/job_local395039303_0001_6f8f058e-d583-4577-9508-4e0dfdf1a3f3/rfm_mapper.py
2026-03-31 15:42:04,567 INFO mapred.LocalDistributedCacheManager: Localized file:/mapreduce-test/map-reduce-assignment2/part2.2/rfm_reducer.py as file:/tmp/hadoop-root/mapred/local/job_local395039303_0001_4d3c14c5-cae0-47ec-b708-fa022f2f848c/rfm_reducer.py
2026-03-31 15:42:04,700 INFO mapreduce.Job: The url to track the job: http://localhost:8080/
2026-03-31 15:42:04,704 INFO mapred.LocalJobRunner: OutputCommitter set in config null
2026-03-31 15:42:04,706 INFO mapreduce.Job: Running job: job_local395039303_0001
2026-03-31 15:42:04,706 INFO mapred.LocalJobRunner: OutputCommitter is org.apache.hadoop.mapred.FileOutputCommitter
2026-03-31 15:42:04,717 INFO output.FileOutputCommitter: File Output Committer Algorithm version is 2
2026-03-31 15:42:04,717 INFO output.FileOutputCommitter: FileOutputCommitter skip cleanup _temporary folders under output directory:false, ignore cleanup failures: false
2026-03-31 15:42:04,809 INFO mapred.LocalJobRunner: Waiting for map tasks
2026-03-31 15:42:04,812 INFO mapred.LocalJobRunner: Starting task: attempt_local395039303_0001_m_000000_0
2026-03-31 15:42:04,846 INFO output.FileOutputCommitter: File Output Committer Algorithm version is 2
2026-03-31 15:42:04,846 INFO output.FileOutputCommitter: FileOutputCommitter skip cleanup _temporary folders under output directory:false, ignore cleanup failures: false
2026-03-31 15:42:04,868 INFO mapred.Task:  Using ResourceCalculatorProcessTree : [ ]
2026-03-31 15:42:04,876 INFO mapred.MapTask: Processing split: hdfs://10.128.0.2:9000/ecommerce/raw/clickstream_large.csv:0+134217728
2026-03-31 15:42:04,904 INFO mapred.MapTask: numReduceTasks: 1
2026-03-31 15:42:05,111 INFO mapred.MapTask: (EQUATOR) 0 kvi 26214396(104857584)
2026-03-31 15:42:05,112 INFO mapred.MapTask: mapreduce.task.io.sort.mb: 100
2026-03-31 15:42:05,112 INFO mapred.MapTask: soft limit at 83886080
2026-03-31 15:42:05,112 INFO mapred.MapTask: bufstart = 0; bufvoid = 104857600
2026-03-31 15:42:05,112 INFO mapred.MapTask: kvstart = 26214396; length = 6553600
2026-03-31 15:42:05,115 INFO mapred.MapTask: Map output collector class = org.apache.hadoop.mapred.MapTask$MapOutputBuffer
2026-03-31 15:42:05,123 INFO streaming.PipeMapRed: PipeMapRed exec [/mapreduce-test/map-reduce-assignment2/part2.2/./rfm_mapper.py]
2026-03-31 15:42:05,133 INFO Configuration.deprecation: mapred.work.output.dir is deprecated. Instead, use mapreduce.task.output.dir
2026-03-31 15:42:05,138 INFO Configuration.deprecation: mapred.local.dir is deprecated. Instead, use mapreduce.cluster.local.dir
2026-03-31 15:42:05,140 INFO Configuration.deprecation: map.input.file is deprecated. Instead, use mapreduce.map.input.file
2026-03-31 15:42:05,141 INFO Configuration.deprecation: map.input.length is deprecated. Instead, use mapreduce.map.input.length
2026-03-31 15:42:05,142 INFO Configuration.deprecation: mapred.job.id is deprecated. Instead, use mapreduce.job.id
2026-03-31 15:42:05,143 INFO Configuration.deprecation: mapred.task.partition is deprecated. Instead, use mapreduce.task.partition
2026-03-31 15:42:05,145 INFO Configuration.deprecation: map.input.start is deprecated. Instead, use mapreduce.map.input.start
2026-03-31 15:42:05,146 INFO Configuration.deprecation: mapred.task.is.map is deprecated. Instead, use mapreduce.task.ismap
2026-03-31 15:42:05,147 INFO Configuration.deprecation: mapred.task.id is deprecated. Instead, use mapreduce.task.attempt.id
2026-03-31 15:42:05,148 INFO Configuration.deprecation: mapred.tip.id is deprecated. Instead, use mapreduce.task.id
2026-03-31 15:42:05,149 INFO Configuration.deprecation: mapred.skip.on is deprecated. Instead, use mapreduce.job.skiprecords
2026-03-31 15:42:05,151 INFO Configuration.deprecation: user.name is deprecated. Instead, use mapreduce.job.user.name
2026-03-31 15:42:05,426 INFO streaming.PipeMapRed: R/W/S=1/0/0 in:NA [rec/s] out:NA [rec/s]
2026-03-31 15:42:05,427 INFO streaming.PipeMapRed: R/W/S=10/0/0 in:NA [rec/s] out:NA [rec/s]
2026-03-31 15:42:05,432 INFO streaming.PipeMapRed: R/W/S=100/0/0 in:NA [rec/s] out:NA [rec/s]
2026-03-31 15:42:05,448 INFO streaming.PipeMapRed: R/W/S=1000/0/0 in:NA [rec/s] out:NA [rec/s]
2026-03-31 15:42:05,458 INFO streaming.PipeMapRed: Records R/W=1141/1
2026-03-31 15:42:05,601 INFO streaming.PipeMapRed: R/W/S=10000/9187/0 in:NA [rec/s] out:NA [rec/s]
2026-03-31 15:42:05,715 INFO mapreduce.Job: Job job_local395039303_0001 running in uber mode : false
2026-03-31 15:42:05,716 INFO mapreduce.Job:  map 0% reduce 0%
2026-03-31 15:42:06,256 INFO streaming.PipeMapRed: R/W/S=100000/98903/0 in:100000=100000/1 [rec/s] out:98903=98903/1 [rec/s]
2026-03-31 15:42:06,779 INFO streaming.PipeMapRed: R/W/S=200000/199152/0 in:200000=200000/1 [rec/s] out:199152=199152/1 [rec/s]
2026-03-31 15:42:07,317 INFO streaming.PipeMapRed: R/W/S=300000/298503/0 in:150000=300000/2 [rec/s] out:149251=298503/2 [rec/s]
2026-03-31 15:42:07,794 INFO streaming.PipeMapRed: R/W/S=400000/399062/0 in:200000=400000/2 [rec/s] out:199531=399062/2 [rec/s]
2026-03-31 15:42:08,262 INFO streaming.PipeMapRed: R/W/S=500000/498447/0 in:166666=500000/3 [rec/s] out:166149=498447/3 [rec/s]
2026-03-31 15:42:08,761 INFO streaming.PipeMapRed: R/W/S=600000/599111/0 in:200000=600000/3 [rec/s] out:199703=599111/3 [rec/s]
2026-03-31 15:42:09,270 INFO streaming.PipeMapRed: R/W/S=700000/698249/0 in:175000=700000/4 [rec/s] out:174636=698544/4 [rec/s]
2026-03-31 15:42:09,800 INFO streaming.PipeMapRed: R/W/S=800000/798859/0 in:200000=800000/4 [rec/s] out:199714=798859/4 [rec/s]
2026-03-31 15:42:10,291 INFO streaming.PipeMapRed: R/W/S=900000/899150/0 in:180000=900000/5 [rec/s] out:179830=899150/5 [rec/s]
2026-03-31 15:42:10,772 INFO streaming.PipeMapRed: R/W/S=1000000/998420/0 in:200000=1000000/5 [rec/s] out:199684=998420/5 [rec/s]
2026-03-31 15:42:11,271 INFO streaming.PipeMapRed: R/W/S=1100000/1099016/0 in:183333=1100000/6 [rec/s] out:183169=1099016/6 [rec/s]
2026-03-31 15:42:11,393 INFO streaming.PipeMapRed: MRErrorThread done
2026-03-31 15:42:11,394 INFO streaming.PipeMapRed: mapRedFinished
2026-03-31 15:42:11,397 INFO mapred.LocalJobRunner: 
2026-03-31 15:42:11,397 INFO mapred.MapTask: Starting flush of map output
2026-03-31 15:42:11,397 INFO mapred.MapTask: Spilling map output
2026-03-31 15:42:11,397 INFO mapred.MapTask: bufstart = 0; bufend = 62225906; bufvoid = 104857600
2026-03-31 15:42:11,397 INFO mapred.MapTask: kvstart = 26214396(104857584); kvend = 21728040(86912160); length = 4486357/6553600
2026-03-31 15:42:14,458 INFO mapred.MapTask: Finished spill 0
2026-03-31 15:42:14,472 INFO mapred.Task: Task:attempt_local395039303_0001_m_000000_0 is done. And is in the process of committing
2026-03-31 15:42:14,479 INFO mapred.LocalJobRunner: Records R/W=1141/1
2026-03-31 15:42:14,479 INFO mapred.Task: Task 'attempt_local395039303_0001_m_000000_0' done.
2026-03-31 15:42:14,489 INFO mapred.Task: Final Counters for attempt_local395039303_0001_m_000000_0: Counters: 23
	File System Counters
		FILE: Number of bytes read=6869
		FILE: Number of bytes written=65194174
		FILE: Number of read operations=0
		FILE: Number of large read operations=0
		FILE: Number of write operations=0
		HDFS: Number of bytes read=134221824
		HDFS: Number of bytes written=0
		HDFS: Number of read operations=5
		HDFS: Number of large read operations=0
		HDFS: Number of write operations=1
		HDFS: Number of bytes read erasure-coded=0
	Map-Reduce Framework
		Map input records=1121591
		Map output records=1121590
		Map output bytes=62225906
		Map output materialized bytes=64469092
		Input split bytes=110
		Combine input records=0
		Spilled Records=1121590
		Failed Shuffles=0
		Merged Map outputs=0
		GC time elapsed (ms)=0
		Total committed heap usage (bytes)=179306496
	File Input Format Counters 
		Bytes Read=134221824
2026-03-31 15:42:14,489 INFO mapred.LocalJobRunner: Finishing task: attempt_local395039303_0001_m_000000_0
2026-03-31 15:42:14,489 INFO mapred.LocalJobRunner: Starting task: attempt_local395039303_0001_m_000001_0
2026-03-31 15:42:14,493 INFO output.FileOutputCommitter: File Output Committer Algorithm version is 2
2026-03-31 15:42:14,493 INFO output.FileOutputCommitter: FileOutputCommitter skip cleanup _temporary folders under output directory:false, ignore cleanup failures: false
2026-03-31 15:42:14,495 INFO mapred.Task:  Using ResourceCalculatorProcessTree : [ ]
2026-03-31 15:42:14,499 INFO mapred.MapTask: Processing split: hdfs://10.128.0.2:9000/ecommerce/raw/clickstream_large.csv:134217728+106791744
2026-03-31 15:42:14,514 INFO mapred.MapTask: numReduceTasks: 1
2026-03-31 15:42:14,732 INFO mapreduce.Job:  map 100% reduce 0%
2026-03-31 15:42:14,866 INFO mapred.MapTask: (EQUATOR) 0 kvi 26214396(104857584)
2026-03-31 15:42:14,866 INFO mapred.MapTask: mapreduce.task.io.sort.mb: 100
2026-03-31 15:42:14,866 INFO mapred.MapTask: soft limit at 83886080
2026-03-31 15:42:14,866 INFO mapred.MapTask: bufstart = 0; bufvoid = 104857600
2026-03-31 15:42:14,866 INFO mapred.MapTask: kvstart = 26214396; length = 6553600
2026-03-31 15:42:14,867 INFO mapred.MapTask: Map output collector class = org.apache.hadoop.mapred.MapTask$MapOutputBuffer
2026-03-31 15:42:14,874 INFO streaming.PipeMapRed: PipeMapRed exec [/mapreduce-test/map-reduce-assignment2/part2.2/./rfm_mapper.py]
2026-03-31 15:42:14,919 INFO streaming.PipeMapRed: R/W/S=1/0/0 in:NA [rec/s] out:NA [rec/s]
2026-03-31 15:42:14,919 INFO streaming.PipeMapRed: R/W/S=10/0/0 in:NA [rec/s] out:NA [rec/s]
2026-03-31 15:42:14,920 INFO streaming.PipeMapRed: R/W/S=100/0/0 in:NA [rec/s] out:NA [rec/s]
2026-03-31 15:42:14,927 INFO streaming.PipeMapRed: R/W/S=1000/0/0 in:NA [rec/s] out:NA [rec/s]
2026-03-31 15:42:15,056 INFO streaming.PipeMapRed: R/W/S=10000/0/0 in:NA [rec/s] out:NA [rec/s]
2026-03-31 15:42:15,589 INFO streaming.PipeMapRed: R/W/S=100000/0/0 in:NA [rec/s] out:NA [rec/s]
2026-03-31 15:42:16,286 INFO streaming.PipeMapRed: R/W/S=200000/0/0 in:200000=200000/1 [rec/s] out:0=0/1 [rec/s]
2026-03-31 15:42:16,898 INFO streaming.PipeMapRed: R/W/S=300000/0/0 in:300000=300000/1 [rec/s] out:0=0/1 [rec/s]
2026-03-31 15:42:17,367 INFO streaming.PipeMapRed: R/W/S=400000/0/0 in:200000=400000/2 [rec/s] out:0=0/2 [rec/s]
2026-03-31 15:42:17,780 INFO streaming.PipeMapRed: R/W/S=500000/0/0 in:250000=500000/2 [rec/s] out:0=0/2 [rec/s]
2026-03-31 15:42:18,454 INFO streaming.PipeMapRed: R/W/S=600000/0/0 in:200000=600000/3 [rec/s] out:0=0/3 [rec/s]
2026-03-31 15:42:18,884 INFO streaming.PipeMapRed: R/W/S=700000/0/0 in:233333=700000/3 [rec/s] out:0=0/3 [rec/s]
2026-03-31 15:42:19,302 INFO streaming.PipeMapRed: R/W/S=800000/0/0 in:200000=800000/4 [rec/s] out:0=0/4 [rec/s]
2026-03-31 15:42:20,148 INFO streaming.PipeMapRed: Records R/W=891760/1
2026-03-31 15:42:22,285 INFO streaming.PipeMapRed: MRErrorThread done
2026-03-31 15:42:22,286 INFO streaming.PipeMapRed: mapRedFinished
2026-03-31 15:42:22,287 INFO mapred.LocalJobRunner: 
2026-03-31 15:42:22,287 INFO mapred.MapTask: Starting flush of map output
2026-03-31 15:42:22,287 INFO mapred.MapTask: Spilling map output
2026-03-31 15:42:22,287 INFO mapred.MapTask: bufstart = 0; bufend = 49491616; bufvoid = 104857600
2026-03-31 15:42:22,287 INFO mapred.MapTask: kvstart = 26214396(104857584); kvend = 22647360(90589440); length = 3567037/6553600
2026-03-31 15:42:22,743 INFO mapreduce.Job:  map 50% reduce 0%
2026-03-31 15:42:23,947 INFO mapred.MapTask: Finished spill 0
2026-03-31 15:42:23,952 INFO mapred.Task: Task:attempt_local395039303_0001_m_000001_0 is done. And is in the process of committing
2026-03-31 15:42:23,958 INFO mapred.LocalJobRunner: Records R/W=891760/1
2026-03-31 15:42:23,958 INFO mapred.Task: Task 'attempt_local395039303_0001_m_000001_0' done.
2026-03-31 15:42:23,959 INFO mapred.Task: Final Counters for attempt_local395039303_0001_m_000001_0: Counters: 23
	File System Counters
		FILE: Number of bytes read=7108
		FILE: Number of bytes written=116469348
		FILE: Number of read operations=0
		FILE: Number of large read operations=0
		FILE: Number of write operations=0
		HDFS: Number of bytes read=241013568
		HDFS: Number of bytes written=0
		HDFS: Number of read operations=7
		HDFS: Number of large read operations=0
		HDFS: Number of write operations=1
		HDFS: Number of bytes read erasure-coded=0
	Map-Reduce Framework
		Map input records=891760
		Map output records=891760
		Map output bytes=49491616
		Map output materialized bytes=51275142
		Input split bytes=110
		Combine input records=0
		Spilled Records=891760
		Failed Shuffles=0
		Merged Map outputs=0
		GC time elapsed (ms)=19
		Total committed heap usage (bytes)=285212672
	File Input Format Counters 
		Bytes Read=106791744
2026-03-31 15:42:23,960 INFO mapred.LocalJobRunner: Finishing task: attempt_local395039303_0001_m_000001_0
2026-03-31 15:42:23,960 INFO mapred.LocalJobRunner: map task executor complete.
2026-03-31 15:42:23,968 INFO mapred.LocalJobRunner: Starting task: attempt_local395039303_0001_r_000000_0
2026-03-31 15:42:23,968 INFO mapred.LocalJobRunner: Waiting for reduce tasks
2026-03-31 15:42:23,981 INFO output.FileOutputCommitter: File Output Committer Algorithm version is 2
2026-03-31 15:42:23,981 INFO output.FileOutputCommitter: FileOutputCommitter skip cleanup _temporary folders under output directory:false, ignore cleanup failures: false
2026-03-31 15:42:23,982 INFO mapred.Task:  Using ResourceCalculatorProcessTree : [ ]
2026-03-31 15:42:23,986 INFO mapred.ReduceTask: Using ShuffleConsumerPlugin: org.apache.hadoop.mapreduce.task.reduce.Shuffle@7c932099
2026-03-31 15:42:23,988 WARN impl.MetricsSystemImpl: JobTracker metrics system already initialized!
2026-03-31 15:42:24,013 INFO reduce.MergeManagerImpl: MergerManager: memoryLimit=1456262272, maxSingleShuffleLimit=364065568, mergeThreshold=961133120, ioSortFactor=10, memToMemMergeOutputsThreshold=10
2026-03-31 15:42:24,016 INFO reduce.EventFetcher: attempt_local395039303_0001_r_000000_0 Thread started: EventFetcher for fetching Map Completion Events
2026-03-31 15:42:24,077 INFO reduce.LocalFetcher: localfetcher#1 about to shuffle output of map attempt_local395039303_0001_m_000000_0 decomp: 64469088 len: 64469092 to MEMORY
2026-03-31 15:42:24,164 INFO reduce.InMemoryMapOutput: Read 64469088 bytes from map-output for attempt_local395039303_0001_m_000000_0
2026-03-31 15:42:24,166 INFO reduce.MergeManagerImpl: closeInMemoryFile -> map-output of size: 64469088, inMemoryMapOutputs.size() -> 1, commitMemory -> 0, usedMemory ->64469088
2026-03-31 15:42:24,184 INFO reduce.LocalFetcher: localfetcher#1 about to shuffle output of map attempt_local395039303_0001_m_000001_0 decomp: 51275138 len: 51275142 to MEMORY
2026-03-31 15:42:24,240 INFO reduce.InMemoryMapOutput: Read 51275138 bytes from map-output for attempt_local395039303_0001_m_000001_0
2026-03-31 15:42:24,241 INFO reduce.MergeManagerImpl: closeInMemoryFile -> map-output of size: 51275138, inMemoryMapOutputs.size() -> 2, commitMemory -> 64469088, usedMemory ->115744226
2026-03-31 15:42:24,242 INFO reduce.EventFetcher: EventFetcher is interrupted.. Returning
2026-03-31 15:42:24,244 INFO mapred.LocalJobRunner: 2 / 2 copied.
2026-03-31 15:42:24,245 INFO reduce.MergeManagerImpl: finalMerge called with 2 in-memory map-outputs and 0 on-disk map-outputs
2026-03-31 15:42:24,253 INFO mapred.Merger: Merging 2 sorted segments
2026-03-31 15:42:24,253 INFO mapred.Merger: Down to the last merge-pass, with 2 segments left of total size: 115744202 bytes
2026-03-31 15:42:24,745 INFO mapreduce.Job:  map 100% reduce 0%
2026-03-31 15:42:25,822 INFO reduce.MergeManagerImpl: Merged 2 segments, 115744226 bytes to disk to satisfy reduce memory limit
2026-03-31 15:42:25,823 INFO reduce.MergeManagerImpl: Merging 1 files, 115744228 bytes from disk
2026-03-31 15:42:25,824 INFO reduce.MergeManagerImpl: Merging 0 segments, 0 bytes from memory into reduce
2026-03-31 15:42:25,824 INFO mapred.Merger: Merging 1 sorted segments
2026-03-31 15:42:25,828 INFO mapred.Merger: Down to the last merge-pass, with 1 segments left of total size: 115744212 bytes
2026-03-31 15:42:25,829 INFO mapred.LocalJobRunner: 2 / 2 copied.
2026-03-31 15:42:25,848 INFO streaming.PipeMapRed: PipeMapRed exec [/mapreduce-test/map-reduce-assignment2/part2.2/./rfm_reducer.py]
2026-03-31 15:42:25,856 INFO Configuration.deprecation: mapred.job.tracker is deprecated. Instead, use mapreduce.jobtracker.address
2026-03-31 15:42:25,861 INFO Configuration.deprecation: mapred.map.tasks is deprecated. Instead, use mapreduce.job.maps
2026-03-31 15:42:26,011 INFO streaming.PipeMapRed: R/W/S=1/0/0 in:NA [rec/s] out:NA [rec/s]
2026-03-31 15:42:26,012 INFO streaming.PipeMapRed: R/W/S=10/0/0 in:NA [rec/s] out:NA [rec/s]
2026-03-31 15:42:26,015 INFO streaming.PipeMapRed: R/W/S=100/0/0 in:NA [rec/s] out:NA [rec/s]
2026-03-31 15:42:26,031 INFO streaming.PipeMapRed: R/W/S=1000/0/0 in:NA [rec/s] out:NA [rec/s]
2026-03-31 15:42:26,523 INFO streaming.PipeMapRed: R/W/S=10000/0/0 in:NA [rec/s] out:NA [rec/s]
2026-03-31 15:42:27,130 INFO streaming.PipeMapRed: Records R/W=28348/1
2026-03-31 15:42:28,259 INFO streaming.PipeMapRed: R/W/S=100000/887/0 in:50000=100000/2 [rec/s] out:443=887/2 [rec/s]
2026-03-31 15:42:29,270 INFO streaming.PipeMapRed: R/W/S=200000/1775/0 in:66666=200000/3 [rec/s] out:591=1775/3 [rec/s]
2026-03-31 15:42:30,278 INFO streaming.PipeMapRed: R/W/S=300000/2885/0 in:75000=300000/4 [rec/s] out:721=2885/4 [rec/s]
2026-03-31 15:42:31,185 INFO streaming.PipeMapRed: R/W/S=400000/3773/0 in:80000=400000/5 [rec/s] out:754=3773/5 [rec/s]
2026-03-31 15:42:32,094 INFO streaming.PipeMapRed: R/W/S=500000/4883/0 in:83333=500000/6 [rec/s] out:813=4883/6 [rec/s]
2026-03-31 15:42:33,060 INFO streaming.PipeMapRed: R/W/S=600000/5771/0 in:85714=600000/7 [rec/s] out:824=5771/7 [rec/s]
2026-03-31 15:42:34,002 INFO streaming.PipeMapRed: R/W/S=700000/6659/0 in:87500=700000/8 [rec/s] out:832=6659/8 [rec/s]
2026-03-31 15:42:34,925 INFO streaming.PipeMapRed: R/W/S=800000/7547/0 in:88888=800000/9 [rec/s] out:838=7547/9 [rec/s]
2026-03-31 15:42:35,837 INFO streaming.PipeMapRed: R/W/S=900000/8657/0 in:100000=900000/9 [rec/s] out:961=8657/9 [rec/s]
2026-03-31 15:42:35,986 INFO mapred.LocalJobRunner: Records R/W=28348/1 > reduce
2026-03-31 15:42:36,734 INFO streaming.PipeMapRed: R/W/S=1000000/9545/0 in:100000=1000000/10 [rec/s] out:954=9545/10 [rec/s]
2026-03-31 15:42:36,759 INFO mapreduce.Job:  map 100% reduce 82%
2026-03-31 15:42:37,235 INFO streaming.PipeMapRed: Records R/W=1055766/9990
2026-03-31 15:42:37,631 INFO streaming.PipeMapRed: R/W/S=1100000/10433/0 in:100000=1100000/11 [rec/s] out:948=10433/11 [rec/s]
2026-03-31 15:42:38,588 INFO streaming.PipeMapRed: R/W/S=1200000/11543/0 in:100000=1200000/12 [rec/s] out:961=11543/12 [rec/s]
2026-03-31 15:42:39,527 INFO streaming.PipeMapRed: R/W/S=1300000/12431/0 in:100000=1300000/13 [rec/s] out:956=12431/13 [rec/s]
2026-03-31 15:42:40,447 INFO streaming.PipeMapRed: R/W/S=1400000/13319/0 in:100000=1400000/14 [rec/s] out:951=13319/14 [rec/s]
2026-03-31 15:42:41,428 INFO streaming.PipeMapRed: R/W/S=1500000/14429/0 in:100000=1500000/15 [rec/s] out:961=14429/15 [rec/s]
2026-03-31 15:42:41,987 INFO mapred.LocalJobRunner: Records R/W=1055766/9990 > reduce
2026-03-31 15:42:42,363 INFO streaming.PipeMapRed: R/W/S=1600000/15317/0 in:100000=1600000/16 [rec/s] out:957=15317/16 [rec/s]
2026-03-31 15:42:42,765 INFO mapreduce.Job:  map 100% reduce 92%
2026-03-31 15:42:43,254 INFO streaming.PipeMapRed: R/W/S=1700000/16205/0 in:100000=1700000/17 [rec/s] out:953=16205/17 [rec/s]
2026-03-31 15:42:44,174 INFO streaming.PipeMapRed: R/W/S=1800000/17315/0 in:100000=1800000/18 [rec/s] out:961=17315/18 [rec/s]
2026-03-31 15:42:45,065 INFO streaming.PipeMapRed: R/W/S=1900000/18203/0 in:100000=1900000/19 [rec/s] out:958=18203/19 [rec/s]
2026-03-31 15:42:45,979 INFO streaming.PipeMapRed: R/W/S=2000000/19091/0 in:100000=2000000/20 [rec/s] out:954=19091/20 [rec/s]
2026-03-31 15:42:46,151 INFO streaming.PipeMapRed: MRErrorThread done
2026-03-31 15:42:46,151 INFO streaming.PipeMapRed: mapRedFinished
2026-03-31 15:42:46,180 INFO mapred.Task: Task:attempt_local395039303_0001_r_000000_0 is done. And is in the process of committing
2026-03-31 15:42:46,185 INFO mapred.LocalJobRunner: Records R/W=1055766/9990 > reduce
2026-03-31 15:42:46,186 INFO mapred.Task: Task attempt_local395039303_0001_r_000000_0 is allowed to commit now
2026-03-31 15:42:46,225 INFO output.FileOutputCommitter: Saved output of task 'attempt_local395039303_0001_r_000000_0' to hdfs://10.128.0.2:9000/ecommerce/rfm
2026-03-31 15:42:46,227 INFO mapred.LocalJobRunner: Records R/W=1055766/9990 > reduce
2026-03-31 15:42:46,227 INFO mapred.Task: Task 'attempt_local395039303_0001_r_000000_0' done.
2026-03-31 15:42:46,229 INFO mapred.Task: Final Counters for attempt_local395039303_0001_r_000000_0: Counters: 30
	File System Counters
		FILE: Number of bytes read=231495634
		FILE: Number of bytes written=232213576
		FILE: Number of read operations=0
		FILE: Number of large read operations=0
		FILE: Number of write operations=0
		HDFS: Number of bytes read=241013568
		HDFS: Number of bytes written=719963
		HDFS: Number of read operations=12
		HDFS: Number of large read operations=0
		HDFS: Number of write operations=3
		HDFS: Number of bytes read erasure-coded=0
	Map-Reduce Framework
		Combine input records=0
		Combine output records=0
		Reduce input groups=19448
		Reduce shuffle bytes=115744234
		Reduce input records=2013350
		Reduce output records=19448
		Spilled Records=2013350
		Shuffled Maps =2
		Failed Shuffles=0
		Merged Map outputs=2
		GC time elapsed (ms)=20
		Total committed heap usage (bytes)=287309824
	Shuffle Errors
		BAD_ID=0
		CONNECTION=0
		IO_ERROR=0
		WRONG_LENGTH=0
		WRONG_MAP=0
		WRONG_REDUCE=0
	File Output Format Counters 
		Bytes Written=719963
2026-03-31 15:42:46,230 INFO mapred.LocalJobRunner: Finishing task: attempt_local395039303_0001_r_000000_0
2026-03-31 15:42:46,231 INFO mapred.LocalJobRunner: reduce task executor complete.
2026-03-31 15:42:46,768 INFO mapreduce.Job:  map 100% reduce 100%
2026-03-31 15:42:46,769 INFO mapreduce.Job: Job job_local395039303_0001 completed successfully
2026-03-31 15:42:46,789 INFO mapreduce.Job: Counters: 36
	File System Counters
		FILE: Number of bytes read=231509611
		FILE: Number of bytes written=413877098
		FILE: Number of read operations=0
		FILE: Number of large read operations=0
		FILE: Number of write operations=0
		HDFS: Number of bytes read=616248960
		HDFS: Number of bytes written=719963
		HDFS: Number of read operations=24
		HDFS: Number of large read operations=0
		HDFS: Number of write operations=5
		HDFS: Number of bytes read erasure-coded=0
	Map-Reduce Framework
		Map input records=2013351
		Map output records=2013350
		Map output bytes=111717522
		Map output materialized bytes=115744234
		Input split bytes=220
		Combine input records=0
		Combine output records=0
		Reduce input groups=19448
		Reduce shuffle bytes=115744234
		Reduce input records=2013350
		Reduce output records=19448
		Spilled Records=4026700
		Shuffled Maps =2
		Failed Shuffles=0
		Merged Map outputs=2
		GC time elapsed (ms)=39
		Total committed heap usage (bytes)=751828992
	Shuffle Errors
		BAD_ID=0
		CONNECTION=0
		IO_ERROR=0
		WRONG_LENGTH=0
		WRONG_MAP=0
		WRONG_REDUCE=0
	File Input Format Counters 
		Bytes Read=241013568
	File Output Format Counters 
		Bytes Written=719963
2026-03-31 15:42:46,789 INFO streaming.StreamJob: Output directory: /ecommerce/rfm
